<?xml version="1.0" encoding="UTF-8"?>
<robot generator="Robot 7.1.1 (Python 3.8.10 on linux)" generated="2024-12-27T23:28:31.818748" rpa="false" schemaversion="5">
<suite id="s1" name="TestCases" source="/home/nashtech/PycharmProjects/AutomationProject/TestCases">
<suite id="s1-s1" name="Testcase1" source="/home/nashtech/PycharmProjects/AutomationProject/TestCases/Testcase1.robot">
<test id="s1-s1-t1" name="LoginTest" line="11">
<kw name="Create Webdriver" owner="SeleniumLibrary">
<msg time="2024-12-27T23:28:31.919050" level="INFO">Creating an instance of the Chrome WebDriver.</msg>
<arg>${browser}</arg>
<doc>Creates an instance of Selenium WebDriver.</doc>
<status status="PASS" start="2024-12-27T23:28:31.918813" elapsed="0.978288"/>
</kw>
<kw name="Open Browser" owner="SeleniumLibrary">
<msg time="2024-12-27T23:28:32.898072" level="INFO">Opening browser 'Chrome' to base url 'https://opensource-demo.orangehrmlive.com/web/index.php/auth/login'.</msg>
<arg>${url}</arg>
<arg>${browser}</arg>
<doc>Opens a new browser instance to the optional ``url``.</doc>
<status status="PASS" start="2024-12-27T23:28:32.897626" elapsed="5.482347"/>
</kw>
<kw name="Maximize Browser Window" owner="SeleniumLibrary">
<doc>Maximizes current browser window.</doc>
<status status="PASS" start="2024-12-27T23:28:38.380586" elapsed="0.015713"/>
</kw>
<kw name="Wait Until Element Is Visible" owner="SeleniumLibrary">
<arg>css:input[name="username"]</arg>
<arg>timeout=10s</arg>
<doc>Waits until the element ``locator`` is visible.</doc>
<status status="PASS" start="2024-12-27T23:28:38.396682" elapsed="0.855518"/>
</kw>
<kw name="Input Text" owner="SeleniumLibrary">
<msg time="2024-12-27T23:28:39.252904" level="INFO">Typing text 'Admin' into text field 'css:input[name="username"]'.</msg>
<arg>css:input[name="username"]</arg>
<arg>${username}</arg>
<doc>Types the given ``text`` into the text field identified by ``locator``.</doc>
<status status="PASS" start="2024-12-27T23:28:39.252483" elapsed="0.050870"/>
</kw>
<kw name="Input Text" owner="SeleniumLibrary">
<msg time="2024-12-27T23:28:39.304004" level="INFO">Typing text 'admin123' into text field 'css:input[name="password"]'.</msg>
<arg>css:input[name="password"]</arg>
<arg>${password}</arg>
<doc>Types the given ``text`` into the text field identified by ``locator``.</doc>
<status status="PASS" start="2024-12-27T23:28:39.303657" elapsed="0.047804"/>
</kw>
<kw name="Wait Until Element Is Visible" owner="SeleniumLibrary">
<arg>css:button[type="submit"]</arg>
<arg>timeout=10s</arg>
<doc>Waits until the element ``locator`` is visible.</doc>
<status status="PASS" start="2024-12-27T23:28:39.351753" elapsed="0.012052"/>
</kw>
<kw name="Click Element" owner="SeleniumLibrary">
<msg time="2024-12-27T23:28:39.364312" level="INFO">Clicking element 'css:button[type="submit"]'.</msg>
<arg>css:button[type="submit"]</arg>
<doc>Click the element identified by ``locator``.</doc>
<status status="PASS" start="2024-12-27T23:28:39.364087" elapsed="1.174459"/>
</kw>
<kw name="Title Should Be" owner="SeleniumLibrary">
<msg time="2024-12-27T23:28:40.541512" level="INFO">Page title is 'OrangeHRM'.</msg>
<arg>OrangeHRM</arg>
<doc>Verifies that the current page title equals ``title``.</doc>
<status status="PASS" start="2024-12-27T23:28:40.538801" elapsed="0.002806"/>
</kw>
<kw name="Wait Until Element Is Visible" owner="SeleniumLibrary">
<arg>css:span.oxd-userdropdown-tab</arg>
<arg>timeout=10s</arg>
<doc>Waits until the element ``locator`` is visible.</doc>
<status status="PASS" start="2024-12-27T23:28:40.541838" elapsed="0.430802"/>
</kw>
<kw name="Element Should Be Visible" owner="SeleniumLibrary">
<msg time="2024-12-27T23:28:40.980807" level="INFO">Element 'css:span.oxd-userdropdown-tab' is displayed.</msg>
<arg>css:span.oxd-userdropdown-tab</arg>
<doc>Verifies that the element identified by ``locator`` is visible.</doc>
<status status="PASS" start="2024-12-27T23:28:40.972897" elapsed="0.008016"/>
</kw>
<kw name="Close Browser" owner="SeleniumLibrary">
<doc>Closes the current browser.</doc>
<status status="PASS" start="2024-12-27T23:28:40.981136" elapsed="0.059836"/>
</kw>
<status status="PASS" start="2024-12-27T23:28:31.917908" elapsed="9.123341"/>
</test>
<status status="PASS" start="2024-12-27T23:28:31.834052" elapsed="9.207803"/>
</suite>
<status status="PASS" start="2024-12-27T23:28:31.819739" elapsed="9.222557"/>
</suite>
<statistics>
<total>
<stat pass="1" fail="0" skip="0">All Tests</stat>
</total>
<tag>
</tag>
<suite>
<stat pass="1" fail="0" skip="0" id="s1" name="TestCases">TestCases</stat>
<stat pass="1" fail="0" skip="0" id="s1-s1" name="Testcase1">TestCases.Testcase1</stat>
</suite>
</statistics>
<errors>
</errors>
</robot>
