<?xml version="1.0" encoding="UTF-8"?>
<robot generator="Robot 7.1.1 (Python 3.8.10 on linux)" generated="2025-01-03T09:17:51.212751" rpa="false" schemaversion="5">
<suite id="s1" name="UITestCases" source="/home/nashtech/PycharmProjects/TestingWithRobotFramework/AutomationProject/UITestCases">
<suite id="s1-s1" name="Testcase1" source="/home/nashtech/PycharmProjects/TestingWithRobotFramework/AutomationProject/UITestCases/Testcase1.robot">
<test id="s1-s1-t1" name="Verify Login Page Title" line="10">
<kw name="Evaluate" owner="BuiltIn">
<msg time="2025-01-03T09:17:51.306451" level="INFO">${options} = &lt;selenium.webdriver.chrome.options.Options object at 0x7f2240b257f0&gt;</msg>
<var>${options}</var>
<arg>sys.modules['selenium.webdriver'].ChromeOptions()</arg>
<arg>sys, selenium.webdriver</arg>
<doc>Evaluates the given expression in Python and returns the result.</doc>
<status status="PASS" start="2025-01-03T09:17:51.306129" elapsed="0.000355"/>
</kw>
<kw name="Call Method" owner="BuiltIn">
<arg>${options}</arg>
<arg>add_argument</arg>
<arg>--headless</arg>
<doc>Calls the named method of the given object with the provided arguments.</doc>
<status status="PASS" start="2025-01-03T09:17:51.306645" elapsed="0.000170"/>
</kw>
<kw name="Create Webdriver" owner="SeleniumLibrary">
<msg time="2025-01-03T09:17:51.307194" level="INFO">Creating an instance of the Chrome WebDriver.</msg>
<arg>Chrome</arg>
<arg>options=${options}</arg>
<doc>Creates an instance of Selenium WebDriver.</doc>
<status status="PASS" start="2025-01-03T09:17:51.306960" elapsed="0.174229"/>
</kw>
<kw name="Go To" owner="SeleniumLibrary">
<msg time="2025-01-03T09:17:51.482045" level="INFO">Opening url 'https://opensource-demo.orangehrmlive.com/web/index.php/auth/login'</msg>
<arg>${BASE_URL}</arg>
<doc>Navigates the current browser window to the provided ``url``.</doc>
<status status="PASS" start="2025-01-03T09:17:51.481662" elapsed="4.095786"/>
</kw>
<kw name="Title Should Start With">
<kw name="Get Title" owner="SeleniumLibrary">
<msg time="2025-01-03T09:17:55.581360" level="INFO">${title} = OrangeHRM</msg>
<var>${title}</var>
<doc>Returns the title of the current page.</doc>
<status status="PASS" start="2025-01-03T09:17:55.578265" elapsed="0.003135"/>
</kw>
<kw name="Should Start With" owner="BuiltIn">
<arg>${title}</arg>
<arg>${expected}</arg>
<doc>Fails if the string ``str1`` does not start with the string ``str2``.</doc>
<status status="PASS" start="2025-01-03T09:17:55.581556" elapsed="0.000206"/>
</kw>
<arg>${EXPECTED_TITLE}</arg>
<status status="PASS" start="2025-01-03T09:17:55.577839" elapsed="0.004000"/>
</kw>
<kw name="Close Browser" owner="SeleniumLibrary">
<doc>Closes the current browser.</doc>
<status status="PASS" start="2025-01-03T09:17:55.582003" elapsed="0.067612"/>
</kw>
<status status="PASS" start="2025-01-03T09:17:51.305195" elapsed="4.345002"/>
</test>
<status status="PASS" start="2025-01-03T09:17:51.225862" elapsed="4.425706"/>
</suite>
<status status="PASS" start="2025-01-03T09:17:51.213517" elapsed="4.439804"/>
</suite>
<statistics>
<total>
<stat pass="1" fail="0" skip="0">All Tests</stat>
</total>
<tag>
</tag>
<suite>
<stat pass="1" fail="0" skip="0" id="s1" name="UITestCases">UITestCases</stat>
<stat pass="1" fail="0" skip="0" id="s1-s1" name="Testcase1">UITestCases.Testcase1</stat>
</suite>
</statistics>
<errors>
</errors>
</robot>
