<?xml version="1.0" encoding="UTF-8"?>
<robot generator="Robot 7.1.1 (Python 3.8.10 on linux)" generated="2025-01-03T13:05:11.561728" rpa="false" schemaversion="5">
<suite id="s1" name="AutomationProject" source="/home/nashtech/PycharmProjects/TestingWithRobotFramework/AutomationProject">
<suite id="s1-s1" name="AcceptanceTestCases" source="/home/nashtech/PycharmProjects/TestingWithRobotFramework/AutomationProject/AcceptanceTestCases">
<suite id="s1-s1-s1" name="GherkinStyleLoginTestcase" source="/home/nashtech/PycharmProjects/TestingWithRobotFramework/AutomationProject/AcceptanceTestCases/GherkinStyleLoginTestcase.robot">
<test id="s1-s1-s1-t1" name="LoginTest" line="12">
<kw name="Given Open Login Page">
<kw name="Create Webdriver" owner="SeleniumLibrary">
<msg time="2025-01-03T13:05:11.654612" level="INFO">Creating an instance of the Chrome WebDriver.</msg>
<arg>${browser}</arg>
<doc>Creates an instance of Selenium WebDriver.</doc>
<status status="PASS" start="2025-01-03T13:05:11.654404" elapsed="0.953382"/>
</kw>
<kw name="Open Browser" owner="SeleniumLibrary">
<msg time="2025-01-03T13:05:12.608595" level="INFO">Opening browser 'Chrome' to base url 'https://opensource-demo.orangehrmlive.com/web/index.php/auth/login'.</msg>
<arg>${url}</arg>
<arg>${browser}</arg>
<doc>Opens a new browser instance to the optional ``url``.</doc>
<status status="PASS" start="2025-01-03T13:05:12.608192" elapsed="5.541373"/>
</kw>
<kw name="Maximize Browser Window" owner="SeleniumLibrary">
<doc>Maximizes current browser window.</doc>
<status status="PASS" start="2025-01-03T13:05:18.149977" elapsed="0.012934"/>
</kw>
<status status="PASS" start="2025-01-03T13:05:11.653672" elapsed="6.509423"/>
</kw>
<kw name="When Pass Admin and admin123" source_name="Pass ${username} and ${password}">
<kw name="Wait Until Element Is Visible" owner="SeleniumLibrary">
<arg>css:input[name="username"]</arg>
<arg>timeout=10s</arg>
<doc>Waits until the element ``locator`` is visible.</doc>
<status status="PASS" start="2025-01-03T13:05:18.164375" elapsed="0.905062"/>
</kw>
<kw name="Input Text" owner="SeleniumLibrary">
<msg time="2025-01-03T13:05:19.070197" level="INFO">Typing text 'Admin' into text field 'css:input[name="username"]'.</msg>
<arg>css:input[name="username"]</arg>
<arg>${username}</arg>
<doc>Types the given ``text`` into the text field identified by ``locator``.</doc>
<status status="PASS" start="2025-01-03T13:05:19.069761" elapsed="0.045600"/>
</kw>
<kw name="Input Text" owner="SeleniumLibrary">
<msg time="2025-01-03T13:05:19.115898" level="INFO">Typing text 'admin123' into text field 'css:input[name="password"]'.</msg>
<arg>css:input[name="password"]</arg>
<arg>${password}</arg>
<doc>Types the given ``text`` into the text field identified by ``locator``.</doc>
<status status="PASS" start="2025-01-03T13:05:19.115632" elapsed="0.046049"/>
</kw>
<kw name="Wait Until Element Is Visible" owner="SeleniumLibrary">
<arg>css:button[type="submit"]</arg>
<arg>timeout=10s</arg>
<doc>Waits until the element ``locator`` is visible.</doc>
<status status="PASS" start="2025-01-03T13:05:19.161895" elapsed="0.012150"/>
</kw>
<kw name="Click Element" owner="SeleniumLibrary">
<msg time="2025-01-03T13:05:19.174480" level="INFO">Clicking element 'css:button[type="submit"]'.</msg>
<arg>css:button[type="submit"]</arg>
<doc>Click the element identified by ``locator``.</doc>
<status status="PASS" start="2025-01-03T13:05:19.174268" elapsed="0.032039"/>
</kw>
<status status="PASS" start="2025-01-03T13:05:18.163577" elapsed="1.042896"/>
</kw>
<kw name="Then Login should Pass">
<kw name="Title Should Be" owner="SeleniumLibrary">
<msg time="2025-01-03T13:05:20.357843" level="INFO">Page title is 'OrangeHRM'.</msg>
<arg>OrangeHRM</arg>
<doc>Verifies that the current page title equals ``title``.</doc>
<status status="PASS" start="2025-01-03T13:05:19.207084" elapsed="1.150888"/>
</kw>
<kw name="Wait Until Element Is Visible" owner="SeleniumLibrary">
<arg>css:span.oxd-userdropdown-tab</arg>
<arg>timeout=10s</arg>
<doc>Waits until the element ``locator`` is visible.</doc>
<status status="PASS" start="2025-01-03T13:05:20.358156" elapsed="0.428532"/>
</kw>
<kw name="Element Should Be Visible" owner="SeleniumLibrary">
<msg time="2025-01-03T13:05:20.794705" level="INFO">Element 'css:span.oxd-userdropdown-tab' is displayed.</msg>
<arg>css:span.oxd-userdropdown-tab</arg>
<doc>Verifies that the element identified by ``locator`` is visible.</doc>
<status status="PASS" start="2025-01-03T13:05:20.786958" elapsed="0.007847"/>
</kw>
<kw name="Close Browser" owner="SeleniumLibrary">
<doc>Closes the current browser.</doc>
<status status="PASS" start="2025-01-03T13:05:20.794982" elapsed="0.065552"/>
</kw>
<status status="PASS" start="2025-01-03T13:05:19.206751" elapsed="1.653943"/>
</kw>
<status status="PASS" start="2025-01-03T13:05:11.652965" elapsed="9.207964"/>
</test>
<status status="PASS" start="2025-01-03T13:05:11.575539" elapsed="9.286190"/>
</suite>
<status status="PASS" start="2025-01-03T13:05:11.574638" elapsed="9.288486"/>
</suite>
<suite id="s1-s2" name="APITestCases" source="/home/nashtech/PycharmProjects/TestingWithRobotFramework/AutomationProject/APITestCases">
<suite id="s1-s2-s1" name="DELETERequest" source="/home/nashtech/PycharmProjects/TestingWithRobotFramework/AutomationProject/APITestCases/DELETERequest.robot">
<test id="s1-s2-s1-t1" name="Delete Request" line="9">
<kw name="Create Session" owner="RequestsLibrary">
<msg time="2025-01-03T13:05:20.900828" level="INFO">Creating Session using : alias=mysession, url=https://jsonplaceholder.typicode.com, headers={},                     cookies={}, auth=None, timeout=None, proxies=None, verify=False,                     debug=0 </msg>
<arg>mysession</arg>
<arg>${BASE_URL}</arg>
<doc>Create Session: create a HTTP session to a server</doc>
<status status="PASS" start="2025-01-03T13:05:20.900689" elapsed="0.000299"/>
</kw>
<kw name="DELETE On Session" owner="RequestsLibrary">
<msg time="2025-01-03T13:05:22.081910" level="INFO">DELETE Request : url=https://jsonplaceholder.typicode.com/posts/1 
 path_url=/posts/1 
 headers={'User-Agent': 'python-requests/2.32.3', 'Accept-Encoding': 'gzip, deflate', 'Accept': '*/*', 'Connection': 'keep-alive', 'Content-Length': '0'} 
 body=None 
 </msg>
<msg time="2025-01-03T13:05:22.082208" level="INFO">DELETE Response : url=https://jsonplaceholder.typicode.com/posts/1 
 status=200, reason=OK 
 headers={'Date': 'Fri, 03 Jan 2025 07:35:22 GMT', 'Content-Type': 'application/json; charset=utf-8', 'Content-Length': '2', 'Connection': 'keep-alive', 'Report-To': '{"group":"heroku-nel","max_age":3600,"endpoints":[{"url":"https://nel.heroku.com/reports?ts=1735889721&amp;sid=e11707d5-02a7-43ef-b45e-2cf4d2036f7d&amp;s=BwVbFjKrFz%2F5XZg1NgjEwRHBMybpv%2BgzYG8iMxRhgSw%3D"}]}', 'Reporting-Endpoints': 'heroku-nel=https://nel.heroku.com/reports?ts=1735889721&amp;sid=e11707d5-02a7-43ef-b45e-2cf4d2036f7d&amp;s=BwVbFjKrFz%2F5XZg1NgjEwRHBMybpv%2BgzYG8iMxRhgSw%3D', 'Nel': '{"report_to":"heroku-nel","max_age":3600,"success_fraction":0.005,"failure_fraction":0.05,"response_headers":["Via"]}', 'X-Powered-By': 'Express', 'X-Ratelimit-Limit': '1000', 'X-Ratelimit-Remaining': '999', 'X-Ratelimit-Reset': '1735889741', 'Vary': 'Origin, Accept-Encoding', 'Access-Control-Allow-Credentials': 'true', 'Cache-Control': 'no-cache', 'Pragma': 'no-cache', 'Expires': '-1', 'X-Content-Type-Options': 'nosniff', 'Etag': 'W/"2-vyGp6PvFo4RvsFtPoIWeCReyIC8"', 'Via': '1.1 vegur', 'cf-cache-status': 'DYNAMIC', 'Server': 'cloudflare', 'CF-RAY': '8fc14fc56f40fd71-SIN', 'alt-svc': 'h3=":443"; ma=86400', 'server-timing': 'cfL4;desc="?proto=TCP&amp;rtt=72772&amp;min_rtt=72750&amp;rtt_var=27327&amp;sent=5&amp;recv=6&amp;lost=0&amp;retrans=0&amp;sent_bytes=2840&amp;recv_bytes=807&amp;delivery_rate=55448&amp;cwnd=252&amp;unsent_bytes=0&amp;cid=247605ad29f21540&amp;ts=925&amp;x=0"'} 
 body={} 
 </msg>
<msg time="2025-01-03T13:05:22.082371" level="INFO">/home/nashtech/PycharmProjects/TestingWithRobotFramework/.venv/lib/python3.8/site-packages/urllib3/connectionpool.py:1099: InsecureRequestWarning: Unverified HTTPS request is being made to host 'jsonplaceholder.typicode.com'. Adding certificate verification is strongly advised. See: https://urllib3.readthedocs.io/en/latest/advanced-usage.html#tls-warnings
  warnings.warn(</msg>
<msg time="2025-01-03T13:05:22.082753" level="INFO">${response} = &lt;Response [200]&gt;</msg>
<var>${response}</var>
<arg>mysession</arg>
<arg>/posts/${post_id}</arg>
<doc>Sends a DELETE request on a previously created HTTP Session.</doc>
<status status="PASS" start="2025-01-03T13:05:20.901130" elapsed="1.181690"/>
</kw>
<kw name="Should Be Equal As Integers" owner="BuiltIn">
<msg time="2025-01-03T13:05:22.084427" level="INFO">Argument types are:
&lt;class 'int'&gt;
&lt;class 'str'&gt;</msg>
<arg>${response.status_code}</arg>
<arg>200</arg>
<doc>Fails if objects are unequal after converting them to integers.</doc>
<status status="PASS" start="2025-01-03T13:05:22.083266" elapsed="0.001327"/>
</kw>
<status status="PASS" start="2025-01-03T13:05:20.900343" elapsed="1.184670"/>
</test>
<status status="PASS" start="2025-01-03T13:05:20.866349" elapsed="1.218985"/>
</suite>
<suite id="s1-s2-s2" name="GetRequest" source="/home/nashtech/PycharmProjects/TestingWithRobotFramework/AutomationProject/APITestCases/GetRequest.robot">
<test id="s1-s2-s2-t1" name="Get Request" line="9">
<kw name="Create Session" owner="RequestsLibrary">
<msg time="2025-01-03T13:05:22.087910" level="INFO">Creating Session using : alias=mysession, url=https://jsonplaceholder.typicode.com, headers={},                     cookies={}, auth=None, timeout=None, proxies=None, verify=False,                     debug=0 </msg>
<arg>mysession</arg>
<arg>${BASE_URL}</arg>
<doc>Create Session: create a HTTP session to a server</doc>
<status status="PASS" start="2025-01-03T13:05:22.087755" elapsed="0.000308"/>
</kw>
<kw name="GET On Session" owner="RequestsLibrary">
<msg time="2025-01-03T13:05:22.667083" level="INFO">GET Request : url=https://jsonplaceholder.typicode.com/posts/1 
 path_url=/posts/1 
 headers={'User-Agent': 'python-requests/2.32.3', 'Accept-Encoding': 'gzip, deflate', 'Accept': '*/*', 'Connection': 'keep-alive'} 
 body=None 
 </msg>
<msg time="2025-01-03T13:05:22.667310" level="INFO">GET Response : url=https://jsonplaceholder.typicode.com/posts/1 
 status=200, reason=OK 
 headers={'Date': 'Fri, 03 Jan 2025 07:35:22 GMT', 'Content-Type': 'application/json; charset=utf-8', 'Transfer-Encoding': 'chunked', 'Connection': 'keep-alive', 'Report-To': '{"group":"heroku-nel","max_age":3600,"endpoints":[{"url":"https://nel.heroku.com/reports?ts=1735541831&amp;sid=e11707d5-02a7-43ef-b45e-2cf4d2036f7d&amp;s=DhlovN2J%2B8mtudwW3Q0UHwIszVG4VBoTVIkD%2BRCGNx0%3D"}]}', 'Reporting-Endpoints': 'heroku-nel=https://nel.heroku.com/reports?ts=1735541831&amp;sid=e11707d5-02a7-43ef-b45e-2cf4d2036f7d&amp;s=DhlovN2J%2B8mtudwW3Q0UHwIszVG4VBoTVIkD%2BRCGNx0%3D', 'Nel': '{"report_to":"heroku-nel","max_age":3600,"success_fraction":0.005,"failure_fraction":0.05,"response_headers":["Via"]}', 'X-Powered-By': 'Express', 'X-Ratelimit-Limit': '1000', 'X-Ratelimit-Remaining': '999', 'X-Ratelimit-Reset': '1735541884', 'Vary': 'Origin, Accept-Encoding', 'Access-Control-Allow-Credentials': 'true', 'Cache-Control': 'max-age=43200', 'Pragma': 'no-cache', 'Expires': '-1', 'X-Content-Type-Options': 'nosniff', 'Etag': 'W/"124-yiKdLzqO5gfBrJFrcdJ8Yq0LGnU"', 'Via': '1.1 vegur', 'CF-Cache-Status': 'HIT', 'Age': '2278', 'Server': 'cloudflare', 'CF-RAY': '8fc14fce984c249c-AMS', 'Content-Encoding': 'gzip', 'alt-svc': 'h3=":443"; ma=86400', 'server-timing': 'cfL4;desc="?proto=TCP&amp;rtt=196310&amp;min_rtt=195216&amp;rtt_var=75394&amp;sent=5&amp;recv=6&amp;lost=0&amp;retrans=0&amp;sent_bytes=2841&amp;recv_bytes=785&amp;delivery_rate=19826&amp;cwnd=252&amp;unsent_bytes=0&amp;cid=2e43a2dd8a8bc2ff&amp;ts=218&amp;x=0"'} 
 body={
  "userId": 1,
  "id": 1,
  "title": "sunt aut facere repellat provident occaecati excepturi optio reprehenderit",
  "body": "quia et suscipit\nsuscipit recusandae consequuntur expedita et cum\nreprehenderit molestiae ut ut quas totam\nnostrum rerum est autem sunt rem eveniet architecto"
} 
 </msg>
<msg time="2025-01-03T13:05:22.667463" level="INFO">/home/nashtech/PycharmProjects/TestingWithRobotFramework/.venv/lib/python3.8/site-packages/urllib3/connectionpool.py:1099: InsecureRequestWarning: Unverified HTTPS request is being made to host 'jsonplaceholder.typicode.com'. Adding certificate verification is strongly advised. See: https://urllib3.readthedocs.io/en/latest/advanced-usage.html#tls-warnings
  warnings.warn(</msg>
<msg time="2025-01-03T13:05:22.667733" level="INFO">${response} = &lt;Response [200]&gt;</msg>
<var>${response}</var>
<arg>mysession</arg>
<arg>/posts/${post_id}</arg>
<doc>Sends a GET request on a previously created HTTP Session.</doc>
<status status="PASS" start="2025-01-03T13:05:22.088207" elapsed="0.579588"/>
</kw>
<kw name="Should Be Equal As Integers" owner="BuiltIn">
<msg time="2025-01-03T13:05:22.669317" level="INFO">Argument types are:
&lt;class 'int'&gt;
&lt;class 'str'&gt;</msg>
<arg>${response.status_code}</arg>
<arg>200</arg>
<doc>Fails if objects are unequal after converting them to integers.</doc>
<status status="PASS" start="2025-01-03T13:05:22.668213" elapsed="0.001322"/>
</kw>
<kw name="Set Variable" owner="BuiltIn">
<msg time="2025-01-03T13:05:22.671008" level="INFO">${body} = {
  "userId": 1,
  "id": 1,
  "title": "sunt aut facere repellat provident occaecati excepturi optio reprehenderit",
  "body": "quia et suscipit\nsuscipit recusandae consequuntur expedita et cum\nrepr...</msg>
<var>${body}</var>
<arg>${response.text}</arg>
<doc>Returns the given values which can then be assigned to a variables.</doc>
<status status="PASS" start="2025-01-03T13:05:22.669943" elapsed="0.001129"/>
</kw>
<kw name="Should Contain" owner="BuiltIn">
<arg>${body}</arg>
<arg>${post_id}</arg>
<doc>Fails if ``container`` does not contain ``item`` one or more times.</doc>
<status status="PASS" start="2025-01-03T13:05:22.671427" elapsed="0.000427"/>
</kw>
<status status="PASS" start="2025-01-03T13:05:22.087478" elapsed="0.584719"/>
</test>
<status status="PASS" start="2025-01-03T13:05:22.085884" elapsed="0.586881"/>
</suite>
<suite id="s1-s2-s3" name="PostRequest" source="/home/nashtech/PycharmProjects/TestingWithRobotFramework/AutomationProject/APITestCases/PostRequest.robot">
<test id="s1-s2-s3-t1" name="Post Request" line="9">
<kw name="Create Session" owner="RequestsLibrary">
<msg time="2025-01-03T13:05:22.682207" level="INFO">Creating Session using : alias=mysession, url=https://jsonplaceholder.typicode.com, headers={},                     cookies={}, auth=None, timeout=None, proxies=None, verify=False,                     debug=0 </msg>
<arg>mysession</arg>
<arg>${BASE_URL}</arg>
<doc>Create Session: create a HTTP session to a server</doc>
<status status="PASS" start="2025-01-03T13:05:22.682038" elapsed="0.000318"/>
</kw>
<kw name="Create Dictionary" owner="BuiltIn">
<msg time="2025-01-03T13:05:22.682867" level="INFO">${body} = {'id': '101', 'title': 'My Title', 'body': 'This is a test paragraph.'}</msg>
<var>${body}</var>
<arg>id=101</arg>
<arg>title=My Title</arg>
<arg>body=This is a test paragraph.</arg>
<doc>Creates and returns a dictionary based on the given ``items``.</doc>
<status status="PASS" start="2025-01-03T13:05:22.682518" elapsed="0.000372"/>
</kw>
<kw name="POST On Session" owner="RequestsLibrary">
<msg time="2025-01-03T13:05:23.418257" level="INFO">POST Request : url=https://jsonplaceholder.typicode.com/posts 
 path_url=/posts 
 headers={'User-Agent': 'python-requests/2.32.3', 'Accept-Encoding': 'gzip, deflate', 'Accept': '*/*', 'Connection': 'keep-alive', 'Content-Length': '71', 'Content-Type': 'application/json'} 
 body=b'{"id": "101", "title": "My Title", "body": "This is a test paragraph."}' 
 </msg>
<msg time="2025-01-03T13:05:23.418479" level="INFO">POST Response : url=https://jsonplaceholder.typicode.com/posts 
 status=201, reason=Created 
 headers={'Date': 'Fri, 03 Jan 2025 07:35:23 GMT', 'Content-Type': 'application/json; charset=utf-8', 'Content-Length': '77', 'Connection': 'keep-alive', 'Report-To': '{"group":"heroku-nel","max_age":3600,"endpoints":[{"url":"https://nel.heroku.com/reports?ts=1735889723&amp;sid=e11707d5-02a7-43ef-b45e-2cf4d2036f7d&amp;s=4IQpjeThaJCfY1Ojnf3RzyCMVrRe%2FA4mh988iAOxFTU%3D"}]}', 'Reporting-Endpoints': 'heroku-nel=https://nel.heroku.com/reports?ts=1735889723&amp;sid=e11707d5-02a7-43ef-b45e-2cf4d2036f7d&amp;s=4IQpjeThaJCfY1Ojnf3RzyCMVrRe%2FA4mh988iAOxFTU%3D', 'Nel': '{"report_to":"heroku-nel","max_age":3600,"success_fraction":0.005,"failure_fraction":0.05,"response_headers":["Via"]}', 'X-Powered-By': 'Express', 'X-Ratelimit-Limit': '1000', 'X-Ratelimit-Remaining': '998', 'X-Ratelimit-Reset': '1735889741', 'Vary': 'Origin, X-HTTP-Method-Override, Accept-Encoding', 'Access-Control-Allow-Credentials': 'true', 'Cache-Control': 'no-cache', 'Pragma': 'no-cache', 'Expires': '-1', 'Access-Control-Expose-Headers': 'Location', 'Location': 'https://jsonplaceholder.typicode.com/posts/101', 'X-Content-Type-Options': 'nosniff', 'Etag': 'W/"4d-rNGZiLjMeOfNNZkb7tP/lpG1U2I"', 'Via': '1.1 vegur', 'cf-cache-status': 'DYNAMIC', 'Server': 'cloudflare', 'CF-RAY': '8fc14fd1a9e32727-AMS', 'alt-svc': 'h3=":443"; ma=86400', 'server-timing': 'cfL4;desc="?proto=TCP&amp;rtt=149934&amp;min_rtt=149758&amp;rtt_var=56511&amp;sent=5&amp;recv=7&amp;lost=0&amp;retrans=0&amp;sent_bytes=2841&amp;recv_bytes=929&amp;delivery_rate=26752&amp;cwnd=252&amp;unsent_bytes=0&amp;cid=599d6beb4ab4633b&amp;ts=430&amp;x=0"'} 
 body={
  "id": 101,
  "title": "My Title",
  "body": "This is a test paragraph."
} 
 </msg>
<msg time="2025-01-03T13:05:23.418719" level="INFO">/home/nashtech/PycharmProjects/TestingWithRobotFramework/.venv/lib/python3.8/site-packages/urllib3/connectionpool.py:1099: InsecureRequestWarning: Unverified HTTPS request is being made to host 'jsonplaceholder.typicode.com'. Adding certificate verification is strongly advised. See: https://urllib3.readthedocs.io/en/latest/advanced-usage.html#tls-warnings
  warnings.warn(</msg>
<msg time="2025-01-03T13:05:23.419002" level="INFO">${response} = &lt;Response [201]&gt;</msg>
<var>${response}</var>
<arg>mysession</arg>
<arg>/posts</arg>
<arg>json=${body}</arg>
<doc>Sends a POST request on a previously created HTTP Session.</doc>
<status status="PASS" start="2025-01-03T13:05:22.683019" elapsed="0.736045"/>
</kw>
<kw name="Should Be Equal As Integers" owner="BuiltIn">
<msg time="2025-01-03T13:05:23.420425" level="INFO">Argument types are:
&lt;class 'int'&gt;
&lt;class 'str'&gt;</msg>
<arg>${response.status_code}</arg>
<arg>201</arg>
<doc>Fails if objects are unequal after converting them to integers.</doc>
<status status="PASS" start="2025-01-03T13:05:23.419503" elapsed="0.000971"/>
</kw>
<kw name="Set Variable" owner="BuiltIn">
<msg time="2025-01-03T13:05:23.420987" level="INFO">${response_body} = {
  "id": 101,
  "title": "My Title",
  "body": "This is a test paragraph."
}</msg>
<var>${response_body}</var>
<arg>${response.text}</arg>
<doc>Returns the given values which can then be assigned to a variables.</doc>
<status status="PASS" start="2025-01-03T13:05:23.420636" elapsed="0.000369"/>
</kw>
<kw name="Should Contain" owner="BuiltIn">
<arg>${response_body}</arg>
<arg>My Title</arg>
<doc>Fails if ``container`` does not contain ``item`` one or more times.</doc>
<status status="PASS" start="2025-01-03T13:05:23.421112" elapsed="0.000127"/>
</kw>
<kw name="Should Contain" owner="BuiltIn">
<arg>${response_body}</arg>
<arg>This is a test paragraph.</arg>
<doc>Fails if ``container`` does not contain ``item`` one or more times.</doc>
<status status="PASS" start="2025-01-03T13:05:23.421343" elapsed="0.000109"/>
</kw>
<status status="PASS" start="2025-01-03T13:05:22.681692" elapsed="0.739881"/>
</test>
<status status="PASS" start="2025-01-03T13:05:22.673689" elapsed="0.748092"/>
</suite>
<suite id="s1-s2-s4" name="PUTRequest" source="/home/nashtech/PycharmProjects/TestingWithRobotFramework/AutomationProject/APITestCases/PUTRequest.robot">
<test id="s1-s2-s4-t1" name="Put Request" line="10">
<kw name="Create Session" owner="RequestsLibrary">
<msg time="2025-01-03T13:05:23.424011" level="INFO">Creating Session using : alias=mysession, url=https://jsonplaceholder.typicode.com, headers={},                     cookies={}, auth=None, timeout=None, proxies=None, verify=False,                     debug=0 </msg>
<arg>mysession</arg>
<arg>${BASE_URL}</arg>
<doc>Create Session: create a HTTP session to a server</doc>
<status status="PASS" start="2025-01-03T13:05:23.423868" elapsed="0.000290"/>
</kw>
<kw name="Create Dictionary" owner="BuiltIn">
<msg time="2025-01-03T13:05:23.424519" level="INFO">${body} = {'id': '1', 'title': 'Updated Title', 'body': 'Updated Body.'}</msg>
<var>${body}</var>
<arg>id=${post_id}</arg>
<arg>title=Updated Title</arg>
<arg>body=Updated Body.</arg>
<doc>Creates and returns a dictionary based on the given ``items``.</doc>
<status status="PASS" start="2025-01-03T13:05:23.424306" elapsed="0.000233"/>
</kw>
<kw name="PUT On Session" owner="RequestsLibrary">
<msg time="2025-01-03T13:05:24.306944" level="INFO">PUT Request : url=https://jsonplaceholder.typicode.com/posts/1 
 path_url=/posts/1 
 headers={'User-Agent': 'python-requests/2.32.3', 'Accept-Encoding': 'gzip, deflate', 'Accept': '*/*', 'Connection': 'keep-alive', 'Content-Length': '62', 'Content-Type': 'application/json'} 
 body=b'{"id": "1", "title": "Updated Title", "body": "Updated Body."}' 
 </msg>
<msg time="2025-01-03T13:05:24.307045" level="INFO">PUT Response : url=https://jsonplaceholder.typicode.com/posts/1 
 status=200, reason=OK 
 headers={'Date': 'Fri, 03 Jan 2025 07:35:24 GMT', 'Content-Type': 'application/json; charset=utf-8', 'Transfer-Encoding': 'chunked', 'Connection': 'keep-alive', 'Report-To': '{"group":"heroku-nel","max_age":3600,"endpoints":[{"url":"https://nel.heroku.com/reports?ts=1735889724&amp;sid=e11707d5-02a7-43ef-b45e-2cf4d2036f7d&amp;s=sGG0RdBITi4q%2B3J2sbqL3jgJSLuU7LXXSQjhZVkQJL4%3D"}]}', 'Reporting-Endpoints': 'heroku-nel=https://nel.heroku.com/reports?ts=1735889724&amp;sid=e11707d5-02a7-43ef-b45e-2cf4d2036f7d&amp;s=sGG0RdBITi4q%2B3J2sbqL3jgJSLuU7LXXSQjhZVkQJL4%3D', 'Nel': '{"report_to":"heroku-nel","max_age":3600,"success_fraction":0.005,"failure_fraction":0.05,"response_headers":["Via"]}', 'X-Powered-By': 'Express', 'X-Ratelimit-Limit': '1000', 'X-Ratelimit-Remaining': '997', 'X-Ratelimit-Reset': '1735889741', 'Vary': 'Origin, Accept-Encoding', 'Access-Control-Allow-Credentials': 'true', 'Cache-Control': 'no-cache', 'Pragma': 'no-cache', 'Expires': '-1', 'X-Content-Type-Options': 'nosniff', 'Etag': 'W/"44-wddmrutFHg8kZFUZ6raBMebWPwk"', 'Via': '1.1 vegur', 'CF-Cache-Status': 'DYNAMIC', 'Server': 'cloudflare', 'CF-RAY': '8fc14fd6c9ad2499-AMS', 'Content-Encoding': 'gzip', 'alt-svc': 'h3=":443"; ma=86400', 'server-timing': 'cfL4;desc="?proto=TCP&amp;rtt=185468&amp;min_rtt=173187&amp;rtt_var=58938&amp;sent=5&amp;recv=8&amp;lost=0&amp;retrans=0&amp;sent_bytes=2840&amp;recv_bytes=921&amp;delivery_rate=23056&amp;cwnd=252&amp;unsent_bytes=0&amp;cid=3a4967b37129a7cd&amp;ts=454&amp;x=0"'} 
 body={
  "id": 1,
  "title": "Updated Title",
  "body": "Updated Body."
} 
 </msg>
<msg time="2025-01-03T13:05:24.307106" level="INFO">/home/nashtech/PycharmProjects/TestingWithRobotFramework/.venv/lib/python3.8/site-packages/urllib3/connectionpool.py:1099: InsecureRequestWarning: Unverified HTTPS request is being made to host 'jsonplaceholder.typicode.com'. Adding certificate verification is strongly advised. See: https://urllib3.readthedocs.io/en/latest/advanced-usage.html#tls-warnings
  warnings.warn(</msg>
<msg time="2025-01-03T13:05:24.307229" level="INFO">${response} = &lt;Response [200]&gt;</msg>
<var>${response}</var>
<arg>mysession</arg>
<arg>/posts/${post_id}</arg>
<arg>json=${body}</arg>
<doc>Sends a PUT request on a previously created HTTP Session.</doc>
<status status="PASS" start="2025-01-03T13:05:23.424661" elapsed="0.882590"/>
</kw>
<kw name="Should Be Equal As Integers" owner="BuiltIn">
<msg time="2025-01-03T13:05:24.307995" level="INFO">Argument types are:
&lt;class 'int'&gt;
&lt;class 'str'&gt;</msg>
<arg>${response.status_code}</arg>
<arg>200</arg>
<doc>Fails if objects are unequal after converting them to integers.</doc>
<status status="PASS" start="2025-01-03T13:05:24.307457" elapsed="0.000594"/>
</kw>
<kw name="Set Variable" owner="BuiltIn">
<msg time="2025-01-03T13:05:24.308614" level="INFO">${response_body} = {
  "id": 1,
  "title": "Updated Title",
  "body": "Updated Body."
}</msg>
<var>${response_body}</var>
<arg>${response.text}</arg>
<doc>Returns the given values which can then be assigned to a variables.</doc>
<status status="PASS" start="2025-01-03T13:05:24.308215" elapsed="0.000421"/>
</kw>
<kw name="Should Contain" owner="BuiltIn">
<arg>${response_body}</arg>
<arg>Updated Title</arg>
<doc>Fails if ``container`` does not contain ``item`` one or more times.</doc>
<status status="PASS" start="2025-01-03T13:05:24.308788" elapsed="0.000143"/>
</kw>
<kw name="Should Contain" owner="BuiltIn">
<arg>${response_body}</arg>
<arg>Updated Body.</arg>
<doc>Fails if ``container`` does not contain ``item`` one or more times.</doc>
<status status="PASS" start="2025-01-03T13:05:24.309052" elapsed="0.000120"/>
</kw>
<status status="PASS" start="2025-01-03T13:05:23.423606" elapsed="0.885685"/>
</test>
<status status="PASS" start="2025-01-03T13:05:23.422107" elapsed="0.887383"/>
</suite>
<status status="PASS" start="2025-01-03T13:05:20.863961" elapsed="3.445943"/>
</suite>
<suite id="s1-s3" name="UITestCases" source="/home/nashtech/PycharmProjects/TestingWithRobotFramework/AutomationProject/UITestCases">
<suite id="s1-s3-s1" name="Testcase1" source="/home/nashtech/PycharmProjects/TestingWithRobotFramework/AutomationProject/UITestCases/Testcase1.robot">
<test id="s1-s3-s1-t1" name="Verify Login Page Title" line="10">
<kw name="Evaluate" owner="BuiltIn">
<msg time="2025-01-03T13:05:24.313538" level="INFO">${options} = &lt;selenium.webdriver.chrome.options.Options object at 0x7f236b750be0&gt;</msg>
<var>${options}</var>
<arg>sys.modules['selenium.webdriver'].ChromeOptions()</arg>
<arg>sys, selenium.webdriver</arg>
<doc>Evaluates the given expression in Python and returns the result.</doc>
<status status="PASS" start="2025-01-03T13:05:24.313200" elapsed="0.000378"/>
</kw>
<kw name="Call Method" owner="BuiltIn">
<arg>${options}</arg>
<arg>add_argument</arg>
<arg>--headless</arg>
<doc>Calls the named method of the given object with the provided arguments.</doc>
<status status="PASS" start="2025-01-03T13:05:24.313776" elapsed="0.000179"/>
</kw>
<kw name="Create Webdriver" owner="SeleniumLibrary">
<msg time="2025-01-03T13:05:24.314307" level="INFO">Creating an instance of the Chrome WebDriver.</msg>
<arg>Chrome</arg>
<arg>options=${options}</arg>
<doc>Creates an instance of Selenium WebDriver.</doc>
<status status="PASS" start="2025-01-03T13:05:24.314111" elapsed="0.171828"/>
</kw>
<kw name="Go To" owner="SeleniumLibrary">
<msg time="2025-01-03T13:05:24.486908" level="INFO">Opening url 'https://opensource-demo.orangehrmlive.com/web/index.php/auth/login'</msg>
<arg>${BASE_URL}</arg>
<doc>Navigates the current browser window to the provided ``url``.</doc>
<status status="PASS" start="2025-01-03T13:05:24.486469" elapsed="5.847544"/>
</kw>
<kw name="Title Should Start With">
<kw name="Get Title" owner="SeleniumLibrary">
<msg time="2025-01-03T13:05:30.338423" level="INFO">${title} = OrangeHRM</msg>
<var>${title}</var>
<doc>Returns the title of the current page.</doc>
<status status="PASS" start="2025-01-03T13:05:30.334963" elapsed="0.003498"/>
</kw>
<kw name="Should Start With" owner="BuiltIn">
<arg>${title}</arg>
<arg>${expected}</arg>
<doc>Fails if the string ``str1`` does not start with the string ``str2``.</doc>
<status status="PASS" start="2025-01-03T13:05:30.338608" elapsed="0.000186"/>
</kw>
<arg>${EXPECTED_TITLE}</arg>
<status status="PASS" start="2025-01-03T13:05:30.334432" elapsed="0.004432"/>
</kw>
<kw name="Close Browser" owner="SeleniumLibrary">
<doc>Closes the current browser.</doc>
<status status="PASS" start="2025-01-03T13:05:30.339008" elapsed="0.060552"/>
</kw>
<status status="PASS" start="2025-01-03T13:05:24.312863" elapsed="6.086945"/>
</test>
<status status="PASS" start="2025-01-03T13:05:24.311326" elapsed="6.088789"/>
</suite>
<status status="PASS" start="2025-01-03T13:05:24.310240" elapsed="6.090357"/>
</suite>
<status status="PASS" start="2025-01-03T13:05:11.562465" elapsed="18.838502"/>
</suite>
<statistics>
<total>
<stat pass="6" fail="0" skip="0">All Tests</stat>
</total>
<tag>
</tag>
<suite>
<stat pass="6" fail="0" skip="0" id="s1" name="AutomationProject">AutomationProject</stat>
<stat pass="1" fail="0" skip="0" id="s1-s1" name="AcceptanceTestCases">AutomationProject.AcceptanceTestCases</stat>
<stat pass="1" fail="0" skip="0" id="s1-s1-s1" name="GherkinStyleLoginTestcase">AutomationProject.AcceptanceTestCases.GherkinStyleLoginTestcase</stat>
<stat pass="4" fail="0" skip="0" id="s1-s2" name="APITestCases">AutomationProject.APITestCases</stat>
<stat pass="1" fail="0" skip="0" id="s1-s2-s1" name="DELETERequest">AutomationProject.APITestCases.DELETERequest</stat>
<stat pass="1" fail="0" skip="0" id="s1-s2-s2" name="GetRequest">AutomationProject.APITestCases.GetRequest</stat>
<stat pass="1" fail="0" skip="0" id="s1-s2-s3" name="PostRequest">AutomationProject.APITestCases.PostRequest</stat>
<stat pass="1" fail="0" skip="0" id="s1-s2-s4" name="PUTRequest">AutomationProject.APITestCases.PUTRequest</stat>
<stat pass="1" fail="0" skip="0" id="s1-s3" name="UITestCases">AutomationProject.UITestCases</stat>
<stat pass="1" fail="0" skip="0" id="s1-s3-s1" name="Testcase1">AutomationProject.UITestCases.Testcase1</stat>
</suite>
</statistics>
<errors>
</errors>
</robot>
